twa/android/wear-faceonly-build/app/build/intermediates/manifest_merge_blame_file/release/processReleaseMainManifest/manifest-merger-blame-release-report.txt
1<?xml version="1.0" encoding="utf-8"?>
2<!--
3  v1.24.43 — Servia Faces (standalone watch face-only APK).
4
5  Different applicationId (ae.servia.wear.faces) so it installs alongside
6  the main Servia Wear app without conflict. Strips everything except the
7  22 watch face services + a tiny launcher activity (Wear OS requires at
8  least one launchable activity per package).
9
10  Goal: A/B test whether co-packaging watch faces with non-face activities
11  was hiding them from the system "Customize watch faces" picker. If this
12  standalone APK shows up but the main app's faces don't, that confirms
13  it.
14-->
15<manifest xmlns:android="http://schemas.android.com/apk/res/android"
16    package="ae.servia.wear.faces"
17    android:versionCode="1"
18    android:versionName="1.24.192" >
19
20    <uses-sdk
21        android:minSdkVersion="26"
22        android:targetSdkVersion="34" />
23
24    <uses-feature android:name="android.hardware.type.watch" />
24-->src/main/AndroidManifest.xml:17:5-64
24-->src/main/AndroidManifest.xml:17:19-61
25
26    <uses-permission android:name="android.permission.INTERNET" />
26-->src/main/AndroidManifest.xml:19:5-67
26-->src/main/AndroidManifest.xml:19:22-64
27    <uses-permission android:name="android.permission.ACCESS_NETWORK_STATE" />
27-->src/main/AndroidManifest.xml:20:5-79
27-->src/main/AndroidManifest.xml:20:22-76
28    <uses-permission android:name="com.google.android.wearable.permission.BIND_WATCH_FACE_CONTROL" />
28-->[androidx.wear.watchface:watchface-client:1.2.1] AndroidManifest.xml:22:5-102
28-->[androidx.wear.watchface:watchface-client:1.2.1] AndroidManifest.xml:22:22-99
29
30    <queries>
30-->[androidx.wear.watchface:watchface:1.2.1] AndroidManifest.xml:22:5-35:15
31        <intent>
31-->[androidx.wear.watchface:watchface:1.2.1] AndroidManifest.xml:23:9-27:18
32
33            <!-- Needed to have visibility on complication data sources installed on the device. -->
34            <action android:name="android.support.wearable.complications.ACTION_COMPLICATION_UPDATE_REQUEST" />
34-->[androidx.wear.watchface:watchface:1.2.1] AndroidManifest.xml:26:13-112
34-->[androidx.wear.watchface:watchface:1.2.1] AndroidManifest.xml:26:21-109
35        </intent>
36        <intent>
36-->[androidx.wear.watchface:watchface:1.2.1] AndroidManifest.xml:28:9-34:18
37
38            <!-- Needed to have visibility on launcher items to handle app shortcuts in complications. -->
39            <action android:name="android.intent.action.MAIN" />
39-->src/main/AndroidManifest.xml:39:17-69
39-->src/main/AndroidManifest.xml:39:25-66
40
41            <category android:name="android.intent.category.LAUNCHER" />
41-->src/main/AndroidManifest.xml:40:17-77
41-->src/main/AndroidManifest.xml:40:27-74
42        </intent>
43    </queries>
44
45    <application
45-->src/main/AndroidManifest.xml:22:5-756:19
46        android:allowBackup="false"
46-->src/main/AndroidManifest.xml:26:9-36
47        android:appComponentFactory="androidx.core.app.CoreComponentFactory"
47-->[androidx.core:core:1.8.0] AndroidManifest.xml:24:18-86
48        android:extractNativeLibs="false"
49        android:icon="@mipmap/wear_ic_launcher"
49-->src/main/AndroidManifest.xml:24:9-48
50        android:label="@string/wf_app_name"
50-->src/main/AndroidManifest.xml:23:9-44
51        android:supportsRtl="true"
51-->src/main/AndroidManifest.xml:27:9-35
52        android:theme="@android:style/Theme.DeviceDefault" >
52-->src/main/AndroidManifest.xml:25:9-59
53        <meta-data
53-->src/main/AndroidManifest.xml:29:9-31:36
54            android:name="com.google.android.wearable.standalone"
54-->src/main/AndroidManifest.xml:30:13-66
55            android:value="true" />
55-->src/main/AndroidManifest.xml:31:13-33
56
57        <activity
57-->src/main/AndroidManifest.xml:33:9-42:20
58            android:name="ae.servia.wear.faces.LauncherActivity"
58-->src/main/AndroidManifest.xml:34:13-65
59            android:exported="true"
59-->src/main/AndroidManifest.xml:35:13-36
60            android:label="@string/wf_app_name"
60-->src/main/AndroidManifest.xml:36:13-48
61            android:theme="@android:style/Theme.DeviceDefault.Light" >
61-->src/main/AndroidManifest.xml:37:13-69
62            <intent-filter>
62-->src/main/AndroidManifest.xml:38:13-41:29
63                <action android:name="android.intent.action.MAIN" />
63-->src/main/AndroidManifest.xml:39:17-69
63-->src/main/AndroidManifest.xml:39:25-66
64
65                <category android:name="android.intent.category.LAUNCHER" />
65-->src/main/AndroidManifest.xml:40:17-77
65-->src/main/AndroidManifest.xml:40:27-74
66            </intent-filter>
67        </activity>
68
69        <!--
70             22 face services injected at build time from
71             tools/watchface/manifest_entries.xml
72        -->
73
74        <service
74-->src/main/AndroidManifest.xml:47:9-76:19
75            android:name="ae.servia.wear.watchface.ServiaFace01BurjSunset"
75-->src/main/AndroidManifest.xml:48:13-75
76            android:directBootAware="true"
76-->src/main/AndroidManifest.xml:51:13-43
77            android:exported="true"
77-->src/main/AndroidManifest.xml:52:13-36
78            android:label="Servia · Burj Sunset"
78-->src/main/AndroidManifest.xml:49:13-49
79            android:permission="android.permission.BIND_WALLPAPER" >
79-->src/main/AndroidManifest.xml:50:13-67
80            <intent-filter>
80-->src/main/AndroidManifest.xml:53:13-56:29
81                <action android:name="android.service.wallpaper.WallpaperService" />
81-->src/main/AndroidManifest.xml:54:17-85
81-->src/main/AndroidManifest.xml:54:25-82
82
83                <category android:name="com.google.android.wearable.watchface.category.WATCH_FACE" />
83-->src/main/AndroidManifest.xml:55:17-102
83-->src/main/AndroidManifest.xml:55:27-99
84            </intent-filter>
85
86            <meta-data
86-->src/main/AndroidManifest.xml:57:13-59:63
87                android:name="com.google.android.wearable.watchface.preview"
87-->src/main/AndroidManifest.xml:58:17-77
88                android:resource="@drawable/wf_preview_p01" />
88-->src/main/AndroidManifest.xml:59:17-60
89            <meta-data
89-->src/main/AndroidManifest.xml:60:13-62:63
90                android:name="com.google.android.wearable.watchface.preview_circular"
90-->src/main/AndroidManifest.xml:61:17-86
91                android:resource="@drawable/wf_preview_p01" />
91-->src/main/AndroidManifest.xml:62:17-60
92            <meta-data
92-->src/main/AndroidManifest.xml:63:13-65:54
93                android:name="android.service.wallpaper"
93-->src/main/AndroidManifest.xml:64:17-57
94                android:resource="@xml/watch_face" />
94-->src/main/AndroidManifest.xml:65:17-51
95            <!--
96                 v1.24.45: WFF marker. Wear OS 5+ requires this property
97                 (since Jan 2025) for the face to appear in the system
98                 'Customize watch faces' picker. The actual face is
99                 declared in res/raw/watchface_pNN.xml.
100            -->
101            <property
101-->src/main/AndroidManifest.xml:70:13-72:37
102                android:name="com.google.wear.watchface.format.version"
102-->src/main/AndroidManifest.xml:71:17-72
103                android:value="1" />
103-->src/main/AndroidManifest.xml:72:17-34
104
105            <meta-data
105-->src/main/AndroidManifest.xml:73:13-75:57
106                android:name="com.google.wear.watchface.format.RESOURCES"
106-->src/main/AndroidManifest.xml:74:17-74
107                android:resource="@raw/watchface_p01" />
107-->src/main/AndroidManifest.xml:75:17-54
108        </service>
109        <service
109-->src/main/AndroidManifest.xml:78:9-107:19
110            android:name="ae.servia.wear.watchface.ServiaFace02MarinaNeon"
110-->src/main/AndroidManifest.xml:79:13-75
111            android:directBootAware="true"
111-->src/main/AndroidManifest.xml:82:13-43
112            android:exported="true"
112-->src/main/AndroidManifest.xml:83:13-36
113            android:label="Servia · Marina Neon"
113-->src/main/AndroidManifest.xml:80:13-49
114            android:permission="android.permission.BIND_WALLPAPER" >
114-->src/main/AndroidManifest.xml:81:13-67
115            <intent-filter>
115-->src/main/AndroidManifest.xml:53:13-56:29
116                <action android:name="android.service.wallpaper.WallpaperService" />
116-->src/main/AndroidManifest.xml:54:17-85
116-->src/main/AndroidManifest.xml:54:25-82
117
118                <category android:name="com.google.android.wearable.watchface.category.WATCH_FACE" />
118-->src/main/AndroidManifest.xml:55:17-102
118-->src/main/AndroidManifest.xml:55:27-99
119            </intent-filter>
120
121            <meta-data
121-->src/main/AndroidManifest.xml:57:13-59:63
122                android:name="com.google.android.wearable.watchface.preview"
122-->src/main/AndroidManifest.xml:58:17-77
123                android:resource="@drawable/wf_preview_p02" />
123-->src/main/AndroidManifest.xml:59:17-60
124            <meta-data
124-->src/main/AndroidManifest.xml:60:13-62:63
125                android:name="com.google.android.wearable.watchface.preview_circular"
125-->src/main/AndroidManifest.xml:61:17-86
126                android:resource="@drawable/wf_preview_p02" />
126-->src/main/AndroidManifest.xml:62:17-60
127            <meta-data
127-->src/main/AndroidManifest.xml:63:13-65:54
128                android:name="android.service.wallpaper"
128-->src/main/AndroidManifest.xml:64:17-57
129                android:resource="@xml/watch_face" />
129-->src/main/AndroidManifest.xml:65:17-51
130            <!--
131                 v1.24.45: WFF marker. Wear OS 5+ requires this property
132                 (since Jan 2025) for the face to appear in the system
133                 'Customize watch faces' picker. The actual face is
134                 declared in res/raw/watchface_pNN.xml.
135            -->
136            <property
136-->src/main/AndroidManifest.xml:70:13-72:37
137                android:name="com.google.wear.watchface.format.version"
137-->src/main/AndroidManifest.xml:71:17-72
138                android:value="1" />
138-->src/main/AndroidManifest.xml:72:17-34
139
140            <meta-data
140-->src/main/AndroidManifest.xml:73:13-75:57
141                android:name="com.google.wear.watchface.format.RESOURCES"
141-->src/main/AndroidManifest.xml:74:17-74
142                android:resource="@raw/watchface_p02" />
142-->src/main/AndroidManifest.xml:75:17-54
143        </service>
144        <service
144-->src/main/AndroidManifest.xml:109:9-138:19
145            android:name="ae.servia.wear.watchface.ServiaFace03DesertPremium"
145-->src/main/AndroidManifest.xml:110:13-78
146            android:directBootAware="true"
146-->src/main/AndroidManifest.xml:113:13-43
147            android:exported="true"
147-->src/main/AndroidManifest.xml:114:13-36
148            android:label="Servia · Desert Premium"
148-->src/main/AndroidManifest.xml:111:13-52
149            android:permission="android.permission.BIND_WALLPAPER" >
149-->src/main/AndroidManifest.xml:112:13-67
150            <intent-filter>
150-->src/main/AndroidManifest.xml:53:13-56:29
151                <action android:name="android.service.wallpaper.WallpaperService" />
151-->src/main/AndroidManifest.xml:54:17-85
151-->src/main/AndroidManifest.xml:54:25-82
152
153                <category android:name="com.google.android.wearable.watchface.category.WATCH_FACE" />
153-->src/main/AndroidManifest.xml:55:17-102
153-->src/main/AndroidManifest.xml:55:27-99
154            </intent-filter>
155
156            <meta-data
156-->src/main/AndroidManifest.xml:57:13-59:63
157                android:name="com.google.android.wearable.watchface.preview"
157-->src/main/AndroidManifest.xml:58:17-77
158                android:resource="@drawable/wf_preview_p03" />
158-->src/main/AndroidManifest.xml:59:17-60
159            <meta-data
159-->src/main/AndroidManifest.xml:60:13-62:63
160                android:name="com.google.android.wearable.watchface.preview_circular"
160-->src/main/AndroidManifest.xml:61:17-86
161                android:resource="@drawable/wf_preview_p03" />
161-->src/main/AndroidManifest.xml:62:17-60
162            <meta-data
162-->src/main/AndroidManifest.xml:63:13-65:54
163                android:name="android.service.wallpaper"
163-->src/main/AndroidManifest.xml:64:17-57
164                android:resource="@xml/watch_face" />
164-->src/main/AndroidManifest.xml:65:17-51
165            <!--
166                 v1.24.45: WFF marker. Wear OS 5+ requires this property
167                 (since Jan 2025) for the face to appear in the system
168                 'Customize watch faces' picker. The actual face is
169                 declared in res/raw/watchface_pNN.xml.
170            -->
171            <property
171-->src/main/AndroidManifest.xml:70:13-72:37
172                android:name="com.google.wear.watchface.format.version"
172-->src/main/AndroidManifest.xml:71:17-72
173                android:value="1" />
173-->src/main/AndroidManifest.xml:72:17-34
174
175            <meta-data
175-->src/main/AndroidManifest.xml:73:13-75:57
176                android:name="com.google.wear.watchface.format.RESOURCES"
176-->src/main/AndroidManifest.xml:74:17-74
177                android:resource="@raw/watchface_p03" />
177-->src/main/AndroidManifest.xml:75:17-54
178        </service>
179        <service
179-->src/main/AndroidManifest.xml:140:9-169:19
180            android:name="ae.servia.wear.watchface.ServiaFace04SportPulse"
180-->src/main/AndroidManifest.xml:141:13-75
181            android:directBootAware="true"
181-->src/main/AndroidManifest.xml:144:13-43
182            android:exported="true"
182-->src/main/AndroidManifest.xml:145:13-36
183            android:label="Servia · Sport Pulse"
183-->src/main/AndroidManifest.xml:142:13-49
184            android:permission="android.permission.BIND_WALLPAPER" >
184-->src/main/AndroidManifest.xml:143:13-67
185            <intent-filter>
185-->src/main/AndroidManifest.xml:53:13-56:29
186                <action android:name="android.service.wallpaper.WallpaperService" />
186-->src/main/AndroidManifest.xml:54:17-85
186-->src/main/AndroidManifest.xml:54:25-82
187
188                <category android:name="com.google.android.wearable.watchface.category.WATCH_FACE" />
188-->src/main/AndroidManifest.xml:55:17-102
188-->src/main/AndroidManifest.xml:55:27-99
189            </intent-filter>
190
191            <meta-data
191-->src/main/AndroidManifest.xml:57:13-59:63
192                android:name="com.google.android.wearable.watchface.preview"
192-->src/main/AndroidManifest.xml:58:17-77
193                android:resource="@drawable/wf_preview_p04" />
193-->src/main/AndroidManifest.xml:59:17-60
194            <meta-data
194-->src/main/AndroidManifest.xml:60:13-62:63
195                android:name="com.google.android.wearable.watchface.preview_circular"
195-->src/main/AndroidManifest.xml:61:17-86
196                android:resource="@drawable/wf_preview_p04" />
196-->src/main/AndroidManifest.xml:62:17-60
197            <meta-data
197-->src/main/AndroidManifest.xml:63:13-65:54
198                android:name="android.service.wallpaper"
198-->src/main/AndroidManifest.xml:64:17-57
199                android:resource="@xml/watch_face" />
199-->src/main/AndroidManifest.xml:65:17-51
200            <!--
201                 v1.24.45: WFF marker. Wear OS 5+ requires this property
202                 (since Jan 2025) for the face to appear in the system
203                 'Customize watch faces' picker. The actual face is
204                 declared in res/raw/watchface_pNN.xml.
205            -->
206            <property
206-->src/main/AndroidManifest.xml:70:13-72:37
207                android:name="com.google.wear.watchface.format.version"
207-->src/main/AndroidManifest.xml:71:17-72
208                android:value="1" />
208-->src/main/AndroidManifest.xml:72:17-34
209
210            <meta-data
210-->src/main/AndroidManifest.xml:73:13-75:57
211                android:name="com.google.wear.watchface.format.RESOURCES"
211-->src/main/AndroidManifest.xml:74:17-74
212                android:resource="@raw/watchface_p04" />
212-->src/main/AndroidManifest.xml:75:17-54
213        </service>
214        <service
214-->src/main/AndroidManifest.xml:171:9-200:19
215            android:name="ae.servia.wear.watchface.ServiaFace05EmergencyRed"
215-->src/main/AndroidManifest.xml:172:13-77
216            android:directBootAware="true"
216-->src/main/AndroidManifest.xml:175:13-43
217            android:exported="true"
217-->src/main/AndroidManifest.xml:176:13-36
218            android:label="Servia · Emergency Red"
218-->src/main/AndroidManifest.xml:173:13-51
219            android:permission="android.permission.BIND_WALLPAPER" >
219-->src/main/AndroidManifest.xml:174:13-67
220            <intent-filter>
220-->src/main/AndroidManifest.xml:53:13-56:29
221                <action android:name="android.service.wallpaper.WallpaperService" />
221-->src/main/AndroidManifest.xml:54:17-85
221-->src/main/AndroidManifest.xml:54:25-82
222
223                <category android:name="com.google.android.wearable.watchface.category.WATCH_FACE" />
223-->src/main/AndroidManifest.xml:55:17-102
223-->src/main/AndroidManifest.xml:55:27-99
224            </intent-filter>
225
226            <meta-data
226-->src/main/AndroidManifest.xml:57:13-59:63
227                android:name="com.google.android.wearable.watchface.preview"
227-->src/main/AndroidManifest.xml:58:17-77
228                android:resource="@drawable/wf_preview_p05" />
228-->src/main/AndroidManifest.xml:59:17-60
229            <meta-data
229-->src/main/AndroidManifest.xml:60:13-62:63
230                android:name="com.google.android.wearable.watchface.preview_circular"
230-->src/main/AndroidManifest.xml:61:17-86
231                android:resource="@drawable/wf_preview_p05" />
231-->src/main/AndroidManifest.xml:62:17-60
232            <meta-data
232-->src/main/AndroidManifest.xml:63:13-65:54
233                android:name="android.service.wallpaper"
233-->src/main/AndroidManifest.xml:64:17-57
234                android:resource="@xml/watch_face" />
234-->src/main/AndroidManifest.xml:65:17-51
235            <!--
236                 v1.24.45: WFF marker. Wear OS 5+ requires this property
237                 (since Jan 2025) for the face to appear in the system
238                 'Customize watch faces' picker. The actual face is
239                 declared in res/raw/watchface_pNN.xml.
240            -->
241            <property
241-->src/main/AndroidManifest.xml:70:13-72:37
242                android:name="com.google.wear.watchface.format.version"
242-->src/main/AndroidManifest.xml:71:17-72
243                android:value="1" />
243-->src/main/AndroidManifest.xml:72:17-34
244
245            <meta-data
245-->src/main/AndroidManifest.xml:73:13-75:57
246                android:name="com.google.wear.watchface.format.RESOURCES"
246-->src/main/AndroidManifest.xml:74:17-74
247                android:resource="@raw/watchface_p05" />
247-->src/main/AndroidManifest.xml:75:17-54
248        </service>
249        <service
249-->src/main/AndroidManifest.xml:202:9-231:19
250            android:name="ae.servia.wear.watchface.ServiaFace06ModularDark"
250-->src/main/AndroidManifest.xml:203:13-76
251            android:directBootAware="true"
251-->src/main/AndroidManifest.xml:206:13-43
252            android:exported="true"
252-->src/main/AndroidManifest.xml:207:13-36
253            android:label="Servia · Modular Pro"
253-->src/main/AndroidManifest.xml:204:13-49
254            android:permission="android.permission.BIND_WALLPAPER" >
254-->src/main/AndroidManifest.xml:205:13-67
255            <intent-filter>
255-->src/main/AndroidManifest.xml:53:13-56:29
256                <action android:name="android.service.wallpaper.WallpaperService" />
256-->src/main/AndroidManifest.xml:54:17-85
256-->src/main/AndroidManifest.xml:54:25-82
257
258                <category android:name="com.google.android.wearable.watchface.category.WATCH_FACE" />
258-->src/main/AndroidManifest.xml:55:17-102
258-->src/main/AndroidManifest.xml:55:27-99
259            </intent-filter>
260
261            <meta-data
261-->src/main/AndroidManifest.xml:57:13-59:63
262                android:name="com.google.android.wearable.watchface.preview"
262-->src/main/AndroidManifest.xml:58:17-77
263                android:resource="@drawable/wf_preview_p06" />
263-->src/main/AndroidManifest.xml:59:17-60
264            <meta-data
264-->src/main/AndroidManifest.xml:60:13-62:63
265                android:name="com.google.android.wearable.watchface.preview_circular"
265-->src/main/AndroidManifest.xml:61:17-86
266                android:resource="@drawable/wf_preview_p06" />
266-->src/main/AndroidManifest.xml:62:17-60
267            <meta-data
267-->src/main/AndroidManifest.xml:63:13-65:54
268                android:name="android.service.wallpaper"
268-->src/main/AndroidManifest.xml:64:17-57
269                android:resource="@xml/watch_face" />
269-->src/main/AndroidManifest.xml:65:17-51
270            <!--
271                 v1.24.45: WFF marker. Wear OS 5+ requires this property
272                 (since Jan 2025) for the face to appear in the system
273                 'Customize watch faces' picker. The actual face is
274                 declared in res/raw/watchface_pNN.xml.
275            -->
276            <property
276-->src/main/AndroidManifest.xml:70:13-72:37
277                android:name="com.google.wear.watchface.format.version"
277-->src/main/AndroidManifest.xml:71:17-72
278                android:value="1" />
278-->src/main/AndroidManifest.xml:72:17-34
279
280            <meta-data
280-->src/main/AndroidManifest.xml:73:13-75:57
281                android:name="com.google.wear.watchface.format.RESOURCES"
281-->src/main/AndroidManifest.xml:74:17-74
282                android:resource="@raw/watchface_p06" />
282-->src/main/AndroidManifest.xml:75:17-54
283        </service>
284        <service
284-->src/main/AndroidManifest.xml:233:9-262:19
285            android:name="ae.servia.wear.watchface.ServiaFace07NeonGrid"
285-->src/main/AndroidManifest.xml:234:13-73
286            android:directBootAware="true"
286-->src/main/AndroidManifest.xml:237:13-43
287            android:exported="true"
287-->src/main/AndroidManifest.xml:238:13-36
288            android:label="Servia · Neon Grid"
288-->src/main/AndroidManifest.xml:235:13-47
289            android:permission="android.permission.BIND_WALLPAPER" >
289-->src/main/AndroidManifest.xml:236:13-67
290            <intent-filter>
290-->src/main/AndroidManifest.xml:53:13-56:29
291                <action android:name="android.service.wallpaper.WallpaperService" />
291-->src/main/AndroidManifest.xml:54:17-85
291-->src/main/AndroidManifest.xml:54:25-82
292
293                <category android:name="com.google.android.wearable.watchface.category.WATCH_FACE" />
293-->src/main/AndroidManifest.xml:55:17-102
293-->src/main/AndroidManifest.xml:55:27-99
294            </intent-filter>
295
296            <meta-data
296-->src/main/AndroidManifest.xml:57:13-59:63
297                android:name="com.google.android.wearable.watchface.preview"
297-->src/main/AndroidManifest.xml:58:17-77
298                android:resource="@drawable/wf_preview_p07" />
298-->src/main/AndroidManifest.xml:59:17-60
299            <meta-data
299-->src/main/AndroidManifest.xml:60:13-62:63
300                android:name="com.google.android.wearable.watchface.preview_circular"
300-->src/main/AndroidManifest.xml:61:17-86
301                android:resource="@drawable/wf_preview_p07" />
301-->src/main/AndroidManifest.xml:62:17-60
302            <meta-data
302-->src/main/AndroidManifest.xml:63:13-65:54
303                android:name="android.service.wallpaper"
303-->src/main/AndroidManifest.xml:64:17-57
304                android:resource="@xml/watch_face" />
304-->src/main/AndroidManifest.xml:65:17-51
305            <!--
306                 v1.24.45: WFF marker. Wear OS 5+ requires this property
307                 (since Jan 2025) for the face to appear in the system
308                 'Customize watch faces' picker. The actual face is
309                 declared in res/raw/watchface_pNN.xml.
310            -->
311            <property
311-->src/main/AndroidManifest.xml:70:13-72:37
312                android:name="com.google.wear.watchface.format.version"
312-->src/main/AndroidManifest.xml:71:17-72
313                android:value="1" />
313-->src/main/AndroidManifest.xml:72:17-34
314
315            <meta-data
315-->src/main/AndroidManifest.xml:73:13-75:57
316                android:name="com.google.wear.watchface.format.RESOURCES"
316-->src/main/AndroidManifest.xml:74:17-74
317                android:resource="@raw/watchface_p07" />
317-->src/main/AndroidManifest.xml:75:17-54
318        </service>
319        <service
319-->src/main/AndroidManifest.xml:264:9-293:19
320            android:name="ae.servia.wear.watchface.ServiaFace08CalligraphyGold"
320-->src/main/AndroidManifest.xml:265:13-80
321            android:directBootAware="true"
321-->src/main/AndroidManifest.xml:268:13-43
322            android:exported="true"
322-->src/main/AndroidManifest.xml:269:13-36
323            android:label="Servia · Calligraphy Gold"
323-->src/main/AndroidManifest.xml:266:13-54
324            android:permission="android.permission.BIND_WALLPAPER" >
324-->src/main/AndroidManifest.xml:267:13-67
325            <intent-filter>
325-->src/main/AndroidManifest.xml:53:13-56:29
326                <action android:name="android.service.wallpaper.WallpaperService" />
326-->src/main/AndroidManifest.xml:54:17-85
326-->src/main/AndroidManifest.xml:54:25-82
327
328                <category android:name="com.google.android.wearable.watchface.category.WATCH_FACE" />
328-->src/main/AndroidManifest.xml:55:17-102
328-->src/main/AndroidManifest.xml:55:27-99
329            </intent-filter>
330
331            <meta-data
331-->src/main/AndroidManifest.xml:57:13-59:63
332                android:name="com.google.android.wearable.watchface.preview"
332-->src/main/AndroidManifest.xml:58:17-77
333                android:resource="@drawable/wf_preview_p08" />
333-->src/main/AndroidManifest.xml:59:17-60
334            <meta-data
334-->src/main/AndroidManifest.xml:60:13-62:63
335                android:name="com.google.android.wearable.watchface.preview_circular"
335-->src/main/AndroidManifest.xml:61:17-86
336                android:resource="@drawable/wf_preview_p08" />
336-->src/main/AndroidManifest.xml:62:17-60
337            <meta-data
337-->src/main/AndroidManifest.xml:63:13-65:54
338                android:name="android.service.wallpaper"
338-->src/main/AndroidManifest.xml:64:17-57
339                android:resource="@xml/watch_face" />
339-->src/main/AndroidManifest.xml:65:17-51
340            <!--
341                 v1.24.45: WFF marker. Wear OS 5+ requires this property
342                 (since Jan 2025) for the face to appear in the system
343                 'Customize watch faces' picker. The actual face is
344                 declared in res/raw/watchface_pNN.xml.
345            -->
346            <property
346-->src/main/AndroidManifest.xml:70:13-72:37
347                android:name="com.google.wear.watchface.format.version"
347-->src/main/AndroidManifest.xml:71:17-72
348                android:value="1" />
348-->src/main/AndroidManifest.xml:72:17-34
349
350            <meta-data
350-->src/main/AndroidManifest.xml:73:13-75:57
351                android:name="com.google.wear.watchface.format.RESOURCES"
351-->src/main/AndroidManifest.xml:74:17-74
352                android:resource="@raw/watchface_p08" />
352-->src/main/AndroidManifest.xml:75:17-54
353        </service>
354        <service
354-->src/main/AndroidManifest.xml:295:9-324:19
355            android:name="ae.servia.wear.watchface.ServiaFace09PearlLadies"
355-->src/main/AndroidManifest.xml:296:13-76
356            android:directBootAware="true"
356-->src/main/AndroidManifest.xml:299:13-43
357            android:exported="true"
357-->src/main/AndroidManifest.xml:300:13-36
358            android:label="Servia · Pearl Ladies"
358-->src/main/AndroidManifest.xml:297:13-50
359            android:permission="android.permission.BIND_WALLPAPER" >
359-->src/main/AndroidManifest.xml:298:13-67
360            <intent-filter>
360-->src/main/AndroidManifest.xml:53:13-56:29
361                <action android:name="android.service.wallpaper.WallpaperService" />
361-->src/main/AndroidManifest.xml:54:17-85
361-->src/main/AndroidManifest.xml:54:25-82
362
363                <category android:name="com.google.android.wearable.watchface.category.WATCH_FACE" />
363-->src/main/AndroidManifest.xml:55:17-102
363-->src/main/AndroidManifest.xml:55:27-99
364            </intent-filter>
365
366            <meta-data
366-->src/main/AndroidManifest.xml:57:13-59:63
367                android:name="com.google.android.wearable.watchface.preview"
367-->src/main/AndroidManifest.xml:58:17-77
368                android:resource="@drawable/wf_preview_p09" />
368-->src/main/AndroidManifest.xml:59:17-60
369            <meta-data
369-->src/main/AndroidManifest.xml:60:13-62:63
370                android:name="com.google.android.wearable.watchface.preview_circular"
370-->src/main/AndroidManifest.xml:61:17-86
371                android:resource="@drawable/wf_preview_p09" />
371-->src/main/AndroidManifest.xml:62:17-60
372            <meta-data
372-->src/main/AndroidManifest.xml:63:13-65:54
373                android:name="android.service.wallpaper"
373-->src/main/AndroidManifest.xml:64:17-57
374                android:resource="@xml/watch_face" />
374-->src/main/AndroidManifest.xml:65:17-51
375            <!--
376                 v1.24.45: WFF marker. Wear OS 5+ requires this property